-------------------------------------------------------------------------------
Test set: com.netcar.verificationcode.VerificationCodeApplicationTests
-------------------------------------------------------------------------------
Tests run: 1, Failures: 0, Errors: 1, Skipped: 0, Time elapsed: 0.446 s <<< FAILURE! - in com.netcar.verificationcode.VerificationCodeApplicationTests
initializationError(com.netcar.verificationcode.VerificationCodeApplicationTests)  Time elapsed: 0.007 s  <<< ERROR!
java.lang.IllegalStateException: Unable to find a @SpringBootConfiguration, you need to use @ContextConfiguration or @SpringBootTest(classes=...) with your test

